<?xml version="1.0" encoding="UTF-8"?>
<!-- Generated by org.testng.reporters.JUnitReportReporter -->
<testsuite hostname="DESKTOP-MTQ2I3G" failures="0" tests="2" name="javaselenium1.ParaBankTesting" time="3.921" errors="0" timestamp="2025-08-13T14:45:58 IST" skipped="0">
  <testcase classname="javaselenium1.ParaBankTesting" name="VerifyPage" time="2.078"/>
  <testcase classname="javaselenium1.ParaBankTesting" name="LoginTest" time="1.843"/>
</testsuite> <!-- javaselenium1.ParaBankTesting -->
