<?xml version="1.0" encoding="UTF-8"?>
<!-- Generated by org.testng.reporters.JUnitReportReporter -->
<testsuite hostname="DESKTOP-MTQ2I3G" failures="0" tests="1" name="testdemo1.DemoAlert" time="16.509" errors="0" timestamp="2025-08-20T18:48:10 IST" skipped="0">
  <testcase classname="testdemo1.DemoAlert" name="testAlerts" time="16.509"/>
</testsuite> <!-- testdemo1.DemoAlert -->
