<?xml version="1.0" encoding="UTF-8"?>
<!-- Generated by org.testng.reporters.JUnitReportReporter -->
<testsuite hostname="DESKTOP-MTQ2I3G" failures="0" tests="2" name="javaselenium1.testselenium" time="4.310" errors="0" timestamp="2025-08-12T15:02:15 IST" skipped="0">
  <testcase classname="javaselenium1.testselenium" name="launchGoogle" time="0.909"/>
  <testcase classname="javaselenium1.testselenium" name="registerNewUser" time="3.401"/>
</testsuite> <!-- javaselenium1.testselenium -->
