<?xml version="1.0" encoding="UTF-8"?>
<!-- Generated by org.testng.reporters.JUnitReportReporter -->
<testsuite hostname="DESKTOP-MTQ2I3G" failures="0" tests="2" name="javaselenium1.Annotations" time="4.105" errors="0" timestamp="2025-08-13T11:59:46 IST" skipped="0">
  <testcase classname="javaselenium1.Annotations" name="verifypage" time="1.817"/>
  <testcase classname="javaselenium1.Annotations" name="LoginTest" time="2.288"/>
</testsuite> <!-- javaselenium1.Annotations -->
