<?xml version="1.0" encoding="UTF-8"?>
<!-- Generated by org.testng.reporters.JUnitReportReporter -->
<testsuite hostname="DESKTOP-MTQ2I3G" failures="0" tests="2" name="javaselenium1.ParaBankTestingBoth" time="6.133" errors="0" timestamp="2025-08-13T17:08:33 IST" skipped="0">
  <testcase classname="javaselenium1.ParaBankTestingBoth" name="RegisterNewUser" time="4.322"/>
  <testcase classname="javaselenium1.ParaBankTestingBoth" name="Login" time="1.811"/>
</testsuite> <!-- javaselenium1.ParaBankTestingBoth -->
