<?xml version="1.0" encoding="UTF-8"?>
<!-- Generated by org.testng.reporters.JUnitReportReporter -->
<testsuite hostname="DESKTOP-MTQ2I3G" failures="0" tests="2" name="testdemo1.DemoPicker" time="17.760" errors="0" timestamp="2025-08-20T18:48:09 IST" skipped="0">
  <testcase classname="testdemo1.DemoPicker" name="testColorPicker" time="8.844"/>
  <testcase classname="testdemo1.DemoPicker" name="testDatePicker" time="8.916"/>
</testsuite> <!-- testdemo1.DemoPicker -->
